Starting local Gaussian Splatting pipeline for Single Image Layered Test
Scene: C:\GaussianSplatting\RAW_Data\project-1774191096171-vrl1zr-Single-Image-Layered-Test
Model output: C:\GaussianSplatting\RAW_Data\project-1774191096171-vrl1zr-Single-Image-Layered-Test\model
Single-image mode generated 7 pseudo view(s) for COLMAP.
I20260322 23:51:37.565620 59856 feature_extraction.cc:502] === Feature extraction ===
I20260322 23:51:37.569235  3332 sift.cc:754] Creating SIFT GPU feature extractor
I20260322 23:51:37.667942 110980 feature_extraction.cc:280] Processed file [1/7]
I20260322 23:51:37.668222 110980 feature_extraction.cc:283]   Name:            1774191096227-single-test-1774191096227-single-test-down.png
I20260322 23:51:37.668246 110980 feature_extraction.cc:292]   Dimensions:      128 x 128
I20260322 23:51:37.668252 110980 feature_extraction.cc:295]   Camera:          #1 - OPENCV
I20260322 23:51:37.668259 110980 feature_extraction.cc:298]   Focal Length:    153.60px
I20260322 23:51:37.668269 110980 feature_extraction.cc:302]   Features:        6 (SIFT)
I20260322 23:51:37.671633 110980 feature_extraction.cc:280] Processed file [2/7]
I20260322 23:51:37.671698 110980 feature_extraction.cc:283]   Name:            1774191096227-single-test-1774191096227-single-test-front.png
I20260322 23:51:37.671707 110980 feature_extraction.cc:292]   Dimensions:      128 x 128
I20260322 23:51:37.671714 110980 feature_extraction.cc:295]   Camera:          #1 - OPENCV
I20260322 23:51:37.671721 110980 feature_extraction.cc:298]   Focal Length:    153.60px
I20260322 23:51:37.671733 110980 feature_extraction.cc:302]   Features:        9 (SIFT)
I20260322 23:51:37.676420 110980 feature_extraction.cc:280] Processed file [3/7]
I20260322 23:51:37.676493 110980 feature_extraction.cc:283]   Name:            1774191096227-single-test-1774191096227-single-test-left.png
I20260322 23:51:37.676503 110980 feature_extraction.cc:292]   Dimensions:      128 x 128
I20260322 23:51:37.676510 110980 feature_extraction.cc:295]   Camera:          #1 - OPENCV
I20260322 23:51:37.676517 110980 feature_extraction.cc:298]   Focal Length:    153.60px
I20260322 23:51:37.676529 110980 feature_extraction.cc:302]   Features:        12 (SIFT)
I20260322 23:51:37.682475 110980 feature_extraction.cc:280] Processed file [4/7]
I20260322 23:51:37.682539 110980 feature_extraction.cc:283]   Name:            1774191096227-single-test-1774191096227-single-test-left_soft.png
I20260322 23:51:37.682548 110980 feature_extraction.cc:292]   Dimensions:      128 x 128
I20260322 23:51:37.682554 110980 feature_extraction.cc:295]   Camera:          #1 - OPENCV
I20260322 23:51:37.682560 110980 feature_extraction.cc:298]   Focal Length:    153.60px
I20260322 23:51:37.682568 110980 feature_extraction.cc:302]   Features:        12 (SIFT)
I20260322 23:51:37.687988 110980 feature_extraction.cc:280] Processed file [5/7]
I20260322 23:51:37.688061 110980 feature_extraction.cc:283]   Name:            1774191096227-single-test-1774191096227-single-test-right.png
I20260322 23:51:37.688069 110980 feature_extraction.cc:292]   Dimensions:      128 x 128
I20260322 23:51:37.688075 110980 feature_extraction.cc:295]   Camera:          #1 - OPENCV
I20260322 23:51:37.688081 110980 feature_extraction.cc:298]   Focal Length:    153.60px
I20260322 23:51:37.688091 110980 feature_extraction.cc:302]   Features:        10 (SIFT)
I20260322 23:51:37.693176 110980 feature_extraction.cc:280] Processed file [6/7]
I20260322 23:51:37.693230 110980 feature_extraction.cc:283]   Name:            1774191096227-single-test-1774191096227-single-test-right_soft.png
I20260322 23:51:37.693239 110980 feature_extraction.cc:292]   Dimensions:      128 x 128
I20260322 23:51:37.693246 110980 feature_extraction.cc:295]   Camera:          #1 - OPENCV
I20260322 23:51:37.693253 110980 feature_extraction.cc:298]   Focal Length:    153.60px
I20260322 23:51:37.693262 110980 feature_extraction.cc:302]   Features:        13 (SIFT)
I20260322 23:51:37.698575 110980 feature_extraction.cc:280] Processed file [7/7]
I20260322 23:51:37.698684 110980 feature_extraction.cc:283]   Name:            1774191096227-single-test-1774191096227-single-test-up.png
I20260322 23:51:37.698694 110980 feature_extraction.cc:292]   Dimensions:      128 x 128
I20260322 23:51:37.698700 110980 feature_extraction.cc:295]   Camera:          #1 - OPENCV
I20260322 23:51:37.698706 110980 feature_extraction.cc:298]   Focal Length:    153.60px
I20260322 23:51:37.698714 110980 feature_extraction.cc:302]   Features:        5 (SIFT)
I20260322 23:51:37.700380 59856 timer.cc:90] Elapsed time: 0.002 [minutes]
I20260322 23:51:37.856836 20164 feature_matching.cc:195] === Feature matching & geometric verification ===
I20260322 23:51:37.919568 31512 feature_matching_utils.cc:80] Bind FeatureMatcherWorker to GPU device 0
I20260322 23:51:37.919756 31512 sift.cc:1547] Creating SIFT GPU feature matcher
I20260322 23:51:37.920119 20164 pairing.cc:180] Generating exhaustive image pairs...
I20260322 23:51:37.920152 20164 pairing.cc:213] Processing block [1/1, 1/1]
I20260322 23:51:37.924353 20164 feature_matching.cc:217] in 0.004s
I20260322 23:51:37.924385 20164 timer.cc:90] Elapsed time: 0.001 [minutes]
I20260322 23:51:38.067025 61236 incremental_pipeline.cc:265] Loading database
I20260322 23:51:38.067681 61236 database_cache.cc:72] Loading rigs...
I20260322 23:51:38.067730 61236 database_cache.cc:82]  1 in 0.000s
I20260322 23:51:38.067740 61236 database_cache.cc:90] Loading cameras...
I20260322 23:51:38.067757 61236 database_cache.cc:108]  1 in 0.000s
I20260322 23:51:38.067763 61236 database_cache.cc:116] Loading frames...
I20260322 23:51:38.067798 61236 database_cache.cc:126]  7 in 0.000s
I20260322 23:51:38.067804 61236 database_cache.cc:134] Loading matches...
I20260322 23:51:38.067815 61236 database_cache.cc:139]  0 in 0.000s
I20260322 23:51:38.067821 61236 database_cache.cc:147] Loading images...
I20260322 23:51:38.067854 61236 database_cache.cc:241]  7 in 0.000s (connected 0, loaded 0)
I20260322 23:51:38.067861 61236 database_cache.cc:255] Loading pose priors...
I20260322 23:51:38.067871 61236 database_cache.cc:263]  0 in 0.000s
I20260322 23:51:38.067876 61236 database_cache.cc:271] Building correspondence graph...
I20260322 23:51:38.067887 61236 database_cache.cc:300]  in 0.000s (ignored 0)
I20260322 23:51:38.067893 61236 timer.cc:90] Elapsed time: 0.000 [minutes]
W20260322 23:51:38.067903 61236 incremental_pipeline.cc:302] No images with matches
E20260322 23:51:38.068143 61236 sfm.cc:279] Failed to create any sparse model
ERROR:root:Mapper failed with code 1. Exiting.
ERROR: COLMAP preparation exited with code 1.
