Starting local Gaussian Splatting pipeline for Single Image Pseudo View Test
Scene: C:\GaussianSplatting\RAW_Data\project-1774189588010-3orkwp-Single-Image-Pseudo-View-Test
Model output: C:\GaussianSplatting\RAW_Data\project-1774189588010-3orkwp-Single-Image-Pseudo-View-Test\model
Single-image mode generated 7 pseudo view(s) for COLMAP.
I20260322 23:26:29.308761 71864 feature_extraction.cc:502] === Feature extraction ===
I20260322 23:26:29.312745 68112 sift.cc:754] Creating SIFT GPU feature extractor
I20260322 23:26:29.401607 101700 feature_extraction.cc:280] Processed file [1/7]
I20260322 23:26:29.401837 101700 feature_extraction.cc:283]   Name:            1774189588032-single-test-1774189588032-single-test-down.png
I20260322 23:26:29.401859 101700 feature_extraction.cc:292]   Dimensions:      128 x 128
I20260322 23:26:29.401866 101700 feature_extraction.cc:295]   Camera:          #1 - OPENCV
I20260322 23:26:29.401873 101700 feature_extraction.cc:298]   Focal Length:    153.60px
I20260322 23:26:29.401882 101700 feature_extraction.cc:302]   Features:        34 (SIFT)
I20260322 23:26:29.408433 101700 feature_extraction.cc:280] Processed file [2/7]
I20260322 23:26:29.408554 101700 feature_extraction.cc:283]   Name:            1774189588032-single-test-1774189588032-single-test-front.png
I20260322 23:26:29.408565 101700 feature_extraction.cc:292]   Dimensions:      128 x 128
I20260322 23:26:29.408571 101700 feature_extraction.cc:295]   Camera:          #1 - OPENCV
I20260322 23:26:29.408578 101700 feature_extraction.cc:298]   Focal Length:    153.60px
I20260322 23:26:29.408592 101700 feature_extraction.cc:302]   Features:        36 (SIFT)
I20260322 23:26:29.413673 101700 feature_extraction.cc:280] Processed file [3/7]
I20260322 23:26:29.413739 101700 feature_extraction.cc:283]   Name:            1774189588032-single-test-1774189588032-single-test-left.png
I20260322 23:26:29.413747 101700 feature_extraction.cc:292]   Dimensions:      128 x 128
I20260322 23:26:29.413753 101700 feature_extraction.cc:295]   Camera:          #1 - OPENCV
I20260322 23:26:29.413760 101700 feature_extraction.cc:298]   Focal Length:    153.60px
I20260322 23:26:29.413769 101700 feature_extraction.cc:302]   Features:        30 (SIFT)
I20260322 23:26:29.417868 101700 feature_extraction.cc:280] Processed file [4/7]
I20260322 23:26:29.417925 101700 feature_extraction.cc:283]   Name:            1774189588032-single-test-1774189588032-single-test-left_soft.png
I20260322 23:26:29.417936 101700 feature_extraction.cc:292]   Dimensions:      128 x 128
I20260322 23:26:29.417943 101700 feature_extraction.cc:295]   Camera:          #1 - OPENCV
I20260322 23:26:29.417949 101700 feature_extraction.cc:298]   Focal Length:    153.60px
I20260322 23:26:29.417959 101700 feature_extraction.cc:302]   Features:        22 (SIFT)
I20260322 23:26:29.423999 101700 feature_extraction.cc:280] Processed file [5/7]
I20260322 23:26:29.424056 101700 feature_extraction.cc:283]   Name:            1774189588032-single-test-1774189588032-single-test-right.png
I20260322 23:26:29.424064 101700 feature_extraction.cc:292]   Dimensions:      128 x 128
I20260322 23:26:29.424070 101700 feature_extraction.cc:295]   Camera:          #1 - OPENCV
I20260322 23:26:29.424076 101700 feature_extraction.cc:298]   Focal Length:    153.60px
I20260322 23:26:29.424085 101700 feature_extraction.cc:302]   Features:        30 (SIFT)
I20260322 23:26:29.429098 101700 feature_extraction.cc:280] Processed file [6/7]
I20260322 23:26:29.429197 101700 feature_extraction.cc:283]   Name:            1774189588032-single-test-1774189588032-single-test-right_soft.png
I20260322 23:26:29.429207 101700 feature_extraction.cc:292]   Dimensions:      128 x 128
I20260322 23:26:29.429213 101700 feature_extraction.cc:295]   Camera:          #1 - OPENCV
I20260322 23:26:29.429221 101700 feature_extraction.cc:298]   Focal Length:    153.60px
I20260322 23:26:29.429233 101700 feature_extraction.cc:302]   Features:        22 (SIFT)
I20260322 23:26:29.434051 101700 feature_extraction.cc:280] Processed file [7/7]
I20260322 23:26:29.434163 101700 feature_extraction.cc:283]   Name:            1774189588032-single-test-1774189588032-single-test-up.png
I20260322 23:26:29.434176 101700 feature_extraction.cc:292]   Dimensions:      128 x 128
I20260322 23:26:29.434182 101700 feature_extraction.cc:295]   Camera:          #1 - OPENCV
I20260322 23:26:29.434188 101700 feature_extraction.cc:298]   Focal Length:    153.60px
I20260322 23:26:29.434199 101700 feature_extraction.cc:302]   Features:        36 (SIFT)
I20260322 23:26:29.435779 71864 timer.cc:90] Elapsed time: 0.002 [minutes]
I20260322 23:26:29.588936 10096 feature_matching.cc:195] === Feature matching & geometric verification ===
I20260322 23:26:29.660977  2932 feature_matching_utils.cc:80] Bind FeatureMatcherWorker to GPU device 0
I20260322 23:26:29.661271  2932 sift.cc:1547] Creating SIFT GPU feature matcher
I20260322 23:26:29.661647 10096 pairing.cc:180] Generating exhaustive image pairs...
I20260322 23:26:29.661690 10096 pairing.cc:213] Processing block [1/1, 1/1]
I20260322 23:26:29.666979 10096 feature_matching.cc:217] in 0.005s
I20260322 23:26:29.667043 10096 timer.cc:90] Elapsed time: 0.001 [minutes]
I20260322 23:26:29.822978 22492 incremental_pipeline.cc:265] Loading database
I20260322 23:26:29.823525 22492 database_cache.cc:72] Loading rigs...
I20260322 23:26:29.823572 22492 database_cache.cc:82]  1 in 0.000s
I20260322 23:26:29.823582 22492 database_cache.cc:90] Loading cameras...
I20260322 23:26:29.823600 22492 database_cache.cc:108]  1 in 0.000s
I20260322 23:26:29.823606 22492 database_cache.cc:116] Loading frames...
I20260322 23:26:29.823639 22492 database_cache.cc:126]  7 in 0.000s
I20260322 23:26:29.823645 22492 database_cache.cc:134] Loading matches...
I20260322 23:26:29.823656 22492 database_cache.cc:139]  0 in 0.000s
I20260322 23:26:29.823662 22492 database_cache.cc:147] Loading images...
I20260322 23:26:29.823696 22492 database_cache.cc:241]  7 in 0.000s (connected 0, loaded 0)
I20260322 23:26:29.823702 22492 database_cache.cc:255] Loading pose priors...
I20260322 23:26:29.823712 22492 database_cache.cc:263]  0 in 0.000s
I20260322 23:26:29.823718 22492 database_cache.cc:271] Building correspondence graph...
I20260322 23:26:29.823729 22492 database_cache.cc:300]  in 0.000s (ignored 0)
I20260322 23:26:29.823734 22492 timer.cc:90] Elapsed time: 0.000 [minutes]
W20260322 23:26:29.823744 22492 incremental_pipeline.cc:302] No images with matches
E20260322 23:26:29.823956 22492 sfm.cc:279] Failed to create any sparse model
ERROR:root:Mapper failed with code 1. Exiting.
ERROR: COLMAP preparation exited with code 1.
